0 info it worked if it ends with ok
1 verbose cli [ 'C:\\Program Files\\nodejs\\\\node.exe',
1 verbose cli   'C:\\Program Files\\nodejs\\node_modules\\npm\\bin\\npm-cli.js',
1 verbose cli   'publish' ]
2 info using npm@1.4.28
3 info using node@v0.10.34
4 verbose node symlink C:\Program Files\nodejs\\node.exe
5 verbose publish [ '.' ]
6 verbose cache add [ '.', null ]
7 verbose cache add name=undefined spec="." args=[".",null]
8 verbose parsed url { protocol: null,
8 verbose parsed url   slashes: null,
8 verbose parsed url   auth: null,
8 verbose parsed url   host: null,
8 verbose parsed url   port: null,
8 verbose parsed url   hostname: null,
8 verbose parsed url   hash: null,
8 verbose parsed url   search: null,
8 verbose parsed url   query: null,
8 verbose parsed url   pathname: '.',
8 verbose parsed url   path: '.',
8 verbose parsed url   href: '.' }
9 silly lockFile 3a52ce78- .
10 verbose lock . C:\Users\wesswang\AppData\Roaming\npm-cache\3a52ce78-.lock
11 verbose tar pack [ 'C:\\Users\\wesswang\\AppData\\Roaming\\npm-cache\\writing-command-line-node-tool\\1.0.0\\package.tgz',
11 verbose tar pack   '.' ]
12 verbose tarball C:\Users\wesswang\AppData\Roaming\npm-cache\writing-command-line-node-tool\1.0.0\package.tgz
13 verbose folder .
14 info prepublish writing-command-line-node-tool@1.0.0
15 silly lockFile 1f1177db-tar tar://.
16 verbose lock tar://. C:\Users\wesswang\AppData\Roaming\npm-cache\1f1177db-tar.lock
17 silly lockFile 4991e774-line-node-tool-1-0-0-package-tgz tar://C:\Users\wesswang\AppData\Roaming\npm-cache\writing-command-line-node-tool\1.0.0\package.tgz
18 verbose lock tar://C:\Users\wesswang\AppData\Roaming\npm-cache\writing-command-line-node-tool\1.0.0\package.tgz C:\Users\wesswang\AppData\Roaming\npm-cache\4991e774-line-node-tool-1-0-0-package-tgz.lock
19 silly lockFile 1f1177db-tar tar://.
20 silly lockFile 1f1177db-tar tar://.
21 silly lockFile 4991e774-line-node-tool-1-0-0-package-tgz tar://C:\Users\wesswang\AppData\Roaming\npm-cache\writing-command-line-node-tool\1.0.0\package.tgz
22 silly lockFile 4991e774-line-node-tool-1-0-0-package-tgz tar://C:\Users\wesswang\AppData\Roaming\npm-cache\writing-command-line-node-tool\1.0.0\package.tgz
23 silly lockFile 17a0dbe6-and-line-node-tool-1-0-0-package C:\Users\wesswang\AppData\Roaming\npm-cache\writing-command-line-node-tool\1.0.0\package
24 verbose lock C:\Users\wesswang\AppData\Roaming\npm-cache\writing-command-line-node-tool\1.0.0\package C:\Users\wesswang\AppData\Roaming\npm-cache\17a0dbe6-and-line-node-tool-1-0-0-package.lock
25 silly lockFile 17a0dbe6-and-line-node-tool-1-0-0-package C:\Users\wesswang\AppData\Roaming\npm-cache\writing-command-line-node-tool\1.0.0\package
26 silly lockFile 17a0dbe6-and-line-node-tool-1-0-0-package C:\Users\wesswang\AppData\Roaming\npm-cache\writing-command-line-node-tool\1.0.0\package
27 silly lockFile 3a52ce78- .
28 silly lockFile 3a52ce78- .
29 silly publish { name: 'writing-command-line-node-tool',
29 silly publish   version: '1.0.0',
29 silly publish   description: 'file search command line tool demo',
29 silly publish   main: 'lib/filesearch',
29 silly publish   scripts: { test: 'echo "Error: no test specified" && exit 1' },
29 silly publish   repository:
29 silly publish    { type: 'git',
29 silly publish      url: 'https://github.com/wang490520334/node-filesearch.git' },
29 silly publish   author: '',
29 silly publish   license: 'ISC',
29 silly publish   bugs: { url: 'https://github.com/wang490520334/node-filesearch/issues' },
29 silly publish   homepage: 'https://github.com/wang490520334/node-filesearch',
29 silly publish   preferGlobal: 'true',
29 silly publish   bin:
29 silly publish    { filesearch: 'lib/filesearch.js',
29 silly publish      filesearch2: 'lib/filesearch2.js' },
29 silly publish   readme: 'ERROR: No README data found!',
29 silly publish   _id: 'writing-command-line-node-tool@1.0.0',
29 silly publish   _shasum: 'f46e3f8e0aad99768912fb7ff8cf2d251eb513fd',
29 silly publish   _from: '.' }
30 verbose request where is /writing-command-line-node-tool
31 verbose request registry https://registry.npmjs.org/
32 verbose request id cf3fe1f4f6ea0277
33 verbose url raw /writing-command-line-node-tool
34 verbose url resolving [ 'https://registry.npmjs.org/',
34 verbose url resolving   './writing-command-line-node-tool' ]
35 verbose url resolved https://registry.npmjs.org/writing-command-line-node-tool
36 verbose request where is https://registry.npmjs.org/writing-command-line-node-tool
37 info trying registry request attempt 1 at 15:15:39
38 http PUT https://registry.npmjs.org/writing-command-line-node-tool
39 http 403 https://registry.npmjs.org/writing-command-line-node-tool
40 verbose headers { date: 'Fri, 06 Feb 2015 07:15:43 GMT',
40 verbose headers   server: 'CouchDB/1.5.0 (Erlang OTP/R16B03)',
40 verbose headers   'content-type': 'application/json',
40 verbose headers   'cache-control': 'max-age=60',
40 verbose headers   'content-length': '2351',
40 verbose headers   'accept-ranges': 'bytes',
40 verbose headers   via: '1.1 varnish',
40 verbose headers   'x-served-by': 'cache-hk91-HKG',
40 verbose headers   'x-cache': 'MISS',
40 verbose headers   'x-cache-hits': '0',
40 verbose headers   'x-timer': 'S1423206942.943324,VS0,VE681',
40 verbose headers   'keep-alive': 'timeout=10, max=50',
40 verbose headers   connection: 'Keep-Alive' }
41 error publish Failed PUT 403
42 error Error: forbidden cannot modify pre-existing version: 1.0.0
42 error old={"name":"writing-command-line-node-tool","version":"1.0.0","description":"file search command line tool demo","main":"lib/filesearch","scripts":{"test":"echo \"Error: no test specified\" && exit 1"},"repository":{"type":"git","url":"https://github.com/wang490520334/node-filesearch.git"},"author":"","license":"ISC","bugs":{"url":"https://github.com/wang490520334/node-filesearch/issues"},"homepage":"https://github.com/wang490520334/node-filesearch","preferGlobal":"true","bin":{"filesearch":"lib/filesearch.js","filesearch2":"lib/filesearch2.js"},"_id":"writing-command-line-node-tool@1.0.0","_shasum":"2a261ff1e0047bd30ddc222f4594b1ca32191906","_from":".","_npmVersion":"1.4.28","_npmUser":{"name":"wess.com.tw","email":"wang490520334@gmail.com"},"maintainers":[{"name":"wess.com.tw","email":"wang490520334@gmail.com"}],"dist":{"shasum":"2a261ff1e0047bd30ddc222f4594b1ca32191906","tarball":"http://registry.npmjs.org/writing-command-line-node-tool/-/writing-command-line-node-tool-1.0.0.tgz"}}
42 error new={"name":"writing-command-line-node-tool","version":"1.0.0","description":"file search command line tool demo","main":"lib/filesearch","scripts":{"test":"echo \"Error: no test specified\" && exit 1"},"repository":{"type":"git","url":"https://github.com/wang490520334/node-filesearch.git"},"author":"","license":"ISC","bugs":{"url":"https://github.com/wang490520334/node-filesearch/issues"},"homepage":"https://github.com/wang490520334/node-filesearch","preferGlobal":"true","bin":{"filesearch":"lib/filesearch.js","filesearch2":"lib/filesearch2.js"},"readme":"ERROR: No README data found!","_id":"writing-command-line-node-tool@1.0.0","_shasum":"f46e3f8e0aad99768912fb7ff8cf2d251eb513fd","_from":".","_npmVersion":"1.4.28","_npmUser":{"name":"wess.com.tw","email":"wang490520334@gmail.com"},"maintainers":[{"name":"wess.com.tw","email":"wang490520334@gmail.com"}],"dist":{"shasum":"f46e3f8e0aad99768912fb7ff8cf2d251eb513fd","tarball":"http://registry.npmjs.org/writing-command-line-node-tool/-/writing-command-line-node-tool-1.0.0.tgz"}}: writing-command-line-node-tool
42 error     at RegClient.<anonymous> (C:\Program Files\nodejs\node_modules\npm\node_modules\npm-registry-client\lib\request.js:308:14)
42 error     at Request._callback (C:\Program Files\nodejs\node_modules\npm\node_modules\npm-registry-client\lib\request.js:246:65)
42 error     at Request.self.callback (C:\Program Files\nodejs\node_modules\npm\node_modules\request\request.js:236:22)
42 error     at Request.emit (events.js:98:17)
42 error     at Request.<anonymous> (C:\Program Files\nodejs\node_modules\npm\node_modules\request\request.js:1142:14)
42 error     at Request.emit (events.js:117:20)
42 error     at IncomingMessage.<anonymous> (C:\Program Files\nodejs\node_modules\npm\node_modules\request\request.js:1096:12)
42 error     at IncomingMessage.emit (events.js:117:20)
42 error     at _stream_readable.js:944:16
42 error     at process._tickCallback (node.js:442:13)
43 error If you need help, you may report this *entire* log,
43 error including the npm and node versions, at:
43 error     <http://github.com/npm/npm/issues>
44 error System Windows_NT 6.1.7601
45 error command "C:\\Program Files\\nodejs\\\\node.exe" "C:\\Program Files\\nodejs\\node_modules\\npm\\bin\\npm-cli.js" "publish"
46 error cwd D:\Software\webstorm\workspace\Nodejs\WritingCommandLineNodeTool
47 error node -v v0.10.34
48 error npm -v 1.4.28
49 verbose exit [ 1, true ]
